app/build/intermediates/manifest_merge_blame_file/debug/manifest-merger-blame-debug-report.txt
1<?xml version="1.0" encoding="utf-8"?>
2<manifest xmlns:android="http://schemas.android.com/apk/res/android"
3    package="com.edu.magika"
4    android:versionCode="11"
5    android:versionName="11.0" >
6
7    <uses-sdk
8        android:minSdkVersion="26"
9        android:targetSdkVersion="33" />
10
11    <uses-permission android:name="android.permission.WRITE_CALENDAR" />
11-->src\main\AndroidManifest.xml:5:5-73
11-->src\main\AndroidManifest.xml:5:22-70
12    <uses-permission android:name="android.permission.WRITE_EXTERNAL_STORAGE" />
12-->src\main\AndroidManifest.xml:6:5-81
12-->src\main\AndroidManifest.xml:6:22-78
13    <uses-permission
13-->src\main\AndroidManifest.xml:9:5-11:36
14        android:name="android.permission.CALL_PHONE"
14-->src\main\AndroidManifest.xml:10:9-53
15        android:required="false" />
15-->src\main\AndroidManifest.xml:11:9-33
16    <uses-permission
16-->src\main\AndroidManifest.xml:12:5-14:35
17        android:name="android.permission.POST_NOTIFICATIONS"
17-->src\main\AndroidManifest.xml:13:9-61
18        android:required="false" />
18-->src\main\AndroidManifest.xml:14:9-33
19    <uses-permission android:name="android.permission.READ_EXTERNAL_STORAGE" />
19-->src\main\AndroidManifest.xml:15:5-80
19-->src\main\AndroidManifest.xml:15:22-77
20    <uses-permission android:name="android.permission.INTERNET" />
20-->src\main\AndroidManifest.xml:16:5-67
20-->src\main\AndroidManifest.xml:16:22-64
21    <uses-permission android:name="android.permission.ACCESS_NETWORK_STATE" />
21-->src\main\AndroidManifest.xml:17:5-79
21-->src\main\AndroidManifest.xml:17:22-76
22    <uses-permission android:name="android.permission.READ_CALENDAR" />
22-->src\main\AndroidManifest.xml:18:5-72
22-->src\main\AndroidManifest.xml:18:22-69
23    <uses-permission
23-->src\main\AndroidManifest.xml:19:5-21:36
24        android:name="android.permission.CAMERA"
24-->src\main\AndroidManifest.xml:20:9-49
25        android:required="false" />
25-->src\main\AndroidManifest.xml:21:9-33
26    <uses-permission android:name="android.permission.READ_PHONE_STATE" />
26-->src\main\AndroidManifest.xml:22:5-75
26-->src\main\AndroidManifest.xml:22:22-72
27
28    <uses-feature
28-->src\main\AndroidManifest.xml:24:5-26:36
29        android:name="android.hardware.telephony"
29-->src\main\AndroidManifest.xml:25:9-50
30        android:required="false" />
30-->src\main\AndroidManifest.xml:26:9-33
31    <uses-feature
31-->src\main\AndroidManifest.xml:27:5-29:36
32        android:name="android.hardware.camera.autofocus"
32-->src\main\AndroidManifest.xml:28:9-57
33        android:required="false" />
33-->src\main\AndroidManifest.xml:29:9-33
34    <uses-feature
34-->src\main\AndroidManifest.xml:30:5-32:36
35        android:name="android.hardware.camera"
35-->src\main\AndroidManifest.xml:31:9-47
36        android:required="false" />
36-->src\main\AndroidManifest.xml:32:9-33
37
38    <uses-permission android:name="android.permission.USE_BIOMETRIC" /> <!-- suppress DeprecatedClassUsageInspection -->
38-->[androidx.biometric:biometric:1.2.0-alpha05] AndroidManifest.xml:22:5-72
38-->[androidx.biometric:biometric:1.2.0-alpha05] AndroidManifest.xml:22:22-69
39    <uses-permission android:name="android.permission.USE_FINGERPRINT" />
39-->[androidx.biometric:biometric:1.2.0-alpha05] AndroidManifest.xml:25:5-74
39-->[androidx.biometric:biometric:1.2.0-alpha05] AndroidManifest.xml:25:22-71
40    <uses-permission android:name="android.permission.WAKE_LOCK" /> <!-- Required by older versions of Google Play services to create IID tokens -->
40-->[com.google.firebase:firebase-messaging:23.4.0] AndroidManifest.xml:24:5-68
40-->[com.google.firebase:firebase-messaging:23.4.0] AndroidManifest.xml:24:22-65
41    <uses-permission android:name="com.google.android.c2dm.permission.RECEIVE" />
41-->[com.google.firebase:firebase-messaging:23.4.0] AndroidManifest.xml:26:5-82
41-->[com.google.firebase:firebase-messaging:23.4.0] AndroidManifest.xml:26:22-79
42
43    <queries>
43-->[com.facebook.android:audience-network-sdk:6.16.0] AndroidManifest.xml:11:5-13:15
44        <package android:name="com.facebook.katana" />
44-->[com.facebook.android:audience-network-sdk:6.16.0] AndroidManifest.xml:12:9-55
44-->[com.facebook.android:audience-network-sdk:6.16.0] AndroidManifest.xml:12:18-52
45        <!-- For browser content -->
46        <intent>
46-->[com.google.android.gms:play-services-ads-lite:22.6.0] AndroidManifest.xml:38:9-44:18
47            <action android:name="android.intent.action.VIEW" />
47-->[com.google.android.gms:play-services-ads-lite:22.6.0] AndroidManifest.xml:39:13-65
47-->[com.google.android.gms:play-services-ads-lite:22.6.0] AndroidManifest.xml:39:21-62
48
49            <category android:name="android.intent.category.BROWSABLE" />
49-->[com.google.android.gms:play-services-ads-lite:22.6.0] AndroidManifest.xml:41:13-74
49-->[com.google.android.gms:play-services-ads-lite:22.6.0] AndroidManifest.xml:41:23-71
50
51            <data android:scheme="https" />
51-->[com.google.android.gms:play-services-ads-lite:22.6.0] AndroidManifest.xml:43:13-44
51-->[com.google.android.gms:play-services-ads-lite:22.6.0] AndroidManifest.xml:43:19-41
52        </intent> <!-- End of browser content -->
53        <!-- For CustomTabsService -->
54        <intent>
54-->[com.google.android.gms:play-services-ads-lite:22.6.0] AndroidManifest.xml:47:9-49:18
55            <action android:name="android.support.customtabs.action.CustomTabsService" />
55-->[com.google.android.gms:play-services-ads-lite:22.6.0] AndroidManifest.xml:48:13-90
55-->[com.google.android.gms:play-services-ads-lite:22.6.0] AndroidManifest.xml:48:21-87
56        </intent>
57    </queries>
58
59    <uses-permission android:name="com.google.android.gms.permission.AD_ID" />
59-->[com.facebook.android:audience-network-sdk:6.16.0] AndroidManifest.xml:17:5-79
59-->[com.facebook.android:audience-network-sdk:6.16.0] AndroidManifest.xml:17:22-76
60    <uses-permission android:name="android.permission.ACCESS_ADSERVICES_ATTRIBUTION" />
60-->[com.google.android.gms:play-services-measurement-api:21.5.0] AndroidManifest.xml:26:5-88
60-->[com.google.android.gms:play-services-measurement-api:21.5.0] AndroidManifest.xml:26:22-85
61    <uses-permission android:name="android.permission.ACCESS_ADSERVICES_AD_ID" />
61-->[com.google.android.gms:play-services-measurement-api:21.5.0] AndroidManifest.xml:27:5-82
61-->[com.google.android.gms:play-services-measurement-api:21.5.0] AndroidManifest.xml:27:22-79
62    <uses-permission android:name="com.google.android.finsky.permission.BIND_GET_INSTALL_REFERRER_SERVICE" />
62-->[com.google.android.gms:play-services-measurement:21.5.0] AndroidManifest.xml:26:5-110
62-->[com.google.android.gms:play-services-measurement:21.5.0] AndroidManifest.xml:26:22-107
63    <uses-permission android:name="android.permission.ACCESS_ADSERVICES_TOPICS" />
63-->[com.google.android.gms:play-services-ads-lite:22.6.0] AndroidManifest.xml:29:5-83
63-->[com.google.android.gms:play-services-ads-lite:22.6.0] AndroidManifest.xml:29:22-80
64    <uses-permission android:name="android.permission.FOREGROUND_SERVICE" />
64-->[androidx.work:work-runtime:2.7.0] AndroidManifest.xml:28:5-77
64-->[androidx.work:work-runtime:2.7.0] AndroidManifest.xml:28:22-74
65
66    <permission
66-->[androidx.core:core:1.9.0] AndroidManifest.xml:22:5-24:47
67        android:name="com.edu.magika.DYNAMIC_RECEIVER_NOT_EXPORTED_PERMISSION"
67-->[androidx.core:core:1.9.0] AndroidManifest.xml:23:9-81
68        android:protectionLevel="signature" />
68-->[androidx.core:core:1.9.0] AndroidManifest.xml:24:9-44
69
70    <uses-permission android:name="com.edu.magika.DYNAMIC_RECEIVER_NOT_EXPORTED_PERMISSION" />
70-->[androidx.core:core:1.9.0] AndroidManifest.xml:26:5-97
70-->[androidx.core:core:1.9.0] AndroidManifest.xml:26:22-94
71
72    <application
72-->src\main\AndroidManifest.xml:34:5-287:19
73        android:name="com.edu.magika.utils.MyApp"
73-->src\main\AndroidManifest.xml:35:9-36
74        android:allowBackup="false"
74-->src\main\AndroidManifest.xml:36:9-36
75        android:appComponentFactory="androidx.core.app.CoreComponentFactory"
75-->[androidx.core:core:1.9.0] AndroidManifest.xml:28:18-86
76        android:configChanges="orientation|screenSize"
76-->src\main\AndroidManifest.xml:45:9-55
77        android:debuggable="true"
78        android:exported="true"
78-->src\main\AndroidManifest.xml:37:9-32
79        android:extractNativeLibs="false"
80        android:hardwareAccelerated="true"
80-->src\main\AndroidManifest.xml:38:9-43
81        android:icon="@drawable/app_icon"
81-->src\main\AndroidManifest.xml:39:9-42
82        android:label="@string/app_name"
82-->src\main\AndroidManifest.xml:40:9-41
83        android:requestLegacyExternalStorage="true"
83-->src\main\AndroidManifest.xml:41:9-52
84        android:roundIcon="@drawable/app_icon"
84-->src\main\AndroidManifest.xml:42:9-47
85        android:supportsRtl="true"
85-->src\main\AndroidManifest.xml:43:9-35
86        android:theme="@style/AppTheme"
86-->src\main\AndroidManifest.xml:44:9-40
87        android:usesCleartextTraffic="true" >
87-->src\main\AndroidManifest.xml:46:9-44
88        <activity
88-->src\main\AndroidManifest.xml:48:9-50:40
89            android:name="com.edu.magika.students.StudentOfflinePayment"
89-->src\main\AndroidManifest.xml:49:13-59
90            android:exported="false" />
90-->src\main\AndroidManifest.xml:50:13-37
91        <activity
91-->src\main\AndroidManifest.xml:51:9-53:39
92            android:name="com.edu.magika.students.BehaviourComment"
92-->src\main\AndroidManifest.xml:52:13-54
93            android:exported="true" />
93-->src\main\AndroidManifest.xml:53:13-36
94        <activity
94-->src\main\AndroidManifest.xml:54:9-56:39
95            android:name="com.edu.magika.students.StudentVideoTutorialPlay"
95-->src\main\AndroidManifest.xml:55:13-62
96            android:exported="true" />
96-->src\main\AndroidManifest.xml:56:13-36
97        <activity
97-->src\main\AndroidManifest.xml:57:9-59:39
98            android:name="com.edu.magika.students.StudentHomeworkNew"
98-->src\main\AndroidManifest.xml:58:13-56
99            android:exported="true" />
99-->src\main\AndroidManifest.xml:59:13-36
100        <activity
100-->src\main\AndroidManifest.xml:60:9-62:39
101            android:name="com.edu.magika.students.NewDashboard"
101-->src\main\AndroidManifest.xml:61:13-50
102            android:exported="true" />
102-->src\main\AndroidManifest.xml:62:13-36
103        <activity
103-->src\main\AndroidManifest.xml:63:9-65:39
104            android:name="com.edu.magika.students.StudentCoursePerformance"
104-->src\main\AndroidManifest.xml:64:13-62
105            android:exported="true" />
105-->src\main\AndroidManifest.xml:65:13-36
106        <activity
106-->src\main\AndroidManifest.xml:66:9-68:39
107            android:name="com.edu.magika.students.StudentUploadDocument"
107-->src\main\AndroidManifest.xml:67:13-59
108            android:exported="true" />
108-->src\main\AndroidManifest.xml:68:13-36
109        <activity
109-->src\main\AndroidManifest.xml:69:9-71:39
110            android:name="com.edu.magika.students.StudentDailyAssignment"
110-->src\main\AndroidManifest.xml:70:13-60
111            android:exported="true" />
111-->src\main\AndroidManifest.xml:71:13-36
112        <activity
112-->src\main\AndroidManifest.xml:72:9-74:39
113            android:name="com.edu.magika.students.StudentProcessingFees"
113-->src\main\AndroidManifest.xml:73:13-59
114            android:exported="true" />
114-->src\main\AndroidManifest.xml:74:13-36
115        <activity
115-->src\main\AndroidManifest.xml:75:9-78:39
116            android:name="com.edu.magika.students.StudentCourseDetail"
116-->src\main\AndroidManifest.xml:76:13-57
117            android:configChanges="orientation|keyboardHidden|screenSize|layoutDirection"
117-->src\main\AndroidManifest.xml:77:13-90
118            android:exported="true" />
118-->src\main\AndroidManifest.xml:78:13-36
119        <activity
119-->src\main\AndroidManifest.xml:79:9-81:39
120            android:name="com.edu.magika.students.StudentOnlineCourse"
120-->src\main\AndroidManifest.xml:80:13-57
121            android:exported="true" />
121-->src\main\AndroidManifest.xml:81:13-36
122        <activity
122-->src\main\AndroidManifest.xml:82:9-85:39
123            android:name="com.edu.magika.students.StudentStartLessonActivity"
123-->src\main\AndroidManifest.xml:83:13-64
124            android:configChanges="keyboardHidden|orientation|screenSize|layoutDirection|uiMode"
124-->src\main\AndroidManifest.xml:84:13-97
125            android:exported="true" />
125-->src\main\AndroidManifest.xml:85:13-36
126        <activity
126-->src\main\AndroidManifest.xml:86:9-88:39
127            android:name="com.edu.magika.students.StudentLiveClasses"
127-->src\main\AndroidManifest.xml:87:13-56
128            android:exported="true" />
128-->src\main\AndroidManifest.xml:88:13-36
129        <activity
129-->src\main\AndroidManifest.xml:89:9-91:39
130            android:name="com.edu.magika.students.StudentOfflinePaymentList"
130-->src\main\AndroidManifest.xml:90:13-63
131            android:exported="true" />
131-->src\main\AndroidManifest.xml:91:13-36
132        <activity
132-->src\main\AndroidManifest.xml:92:9-94:39
133            android:name="com.edu.magika.students.StudentGmeetLiveClasses"
133-->src\main\AndroidManifest.xml:93:13-61
134            android:exported="true" />
134-->src\main\AndroidManifest.xml:94:13-36
135        <activity
135-->src\main\AndroidManifest.xml:95:9-97:39
136            android:name="com.edu.magika.students.StudentBehaviourReport"
136-->src\main\AndroidManifest.xml:96:13-60
137            android:exported="true" />
137-->src\main\AndroidManifest.xml:97:13-36
138        <activity
138-->src\main\AndroidManifest.xml:98:9-100:39
139            android:name="com.edu.magika.students.NotificationList"
139-->src\main\AndroidManifest.xml:99:13-54
140            android:exported="true" />
140-->src\main\AndroidManifest.xml:100:13-36
141        <activity
141-->src\main\AndroidManifest.xml:101:9-104:39
142            android:name="com.edu.magika.students.StudentOnlineExamQuestionsNew"
142-->src\main\AndroidManifest.xml:102:13-67
143            android:configChanges="orientation|screenSize"
143-->src\main\AndroidManifest.xml:103:13-59
144            android:exported="true" />
144-->src\main\AndroidManifest.xml:104:13-36
145        <activity
145-->src\main\AndroidManifest.xml:105:9-107:39
146            android:name="com.edu.magika.students.StudentOnlineExamResult"
146-->src\main\AndroidManifest.xml:106:13-61
147            android:exported="true" />
147-->src\main\AndroidManifest.xml:107:13-36
148        <activity
148-->src\main\AndroidManifest.xml:108:9-110:39
149            android:name="com.edu.magika.students.StudentOnlineExam"
149-->src\main\AndroidManifest.xml:109:13-55
150            android:exported="true" />
150-->src\main\AndroidManifest.xml:110:13-36
151        <activity
151-->src\main\AndroidManifest.xml:111:9-113:39
152            android:name="com.edu.magika.AboutSchool"
152-->src\main\AndroidManifest.xml:112:13-40
153            android:exported="true" />
153-->src\main\AndroidManifest.xml:113:13-36
154        <activity
154-->src\main\AndroidManifest.xml:114:9-116:39
155            android:name="com.edu.magika.students.StudentTimeline"
155-->src\main\AndroidManifest.xml:115:13-53
156            android:exported="true" />
156-->src\main\AndroidManifest.xml:116:13-36
157        <activity
157-->src\main\AndroidManifest.xml:117:9-119:39
158            android:name="com.edu.magika.students.StudentAddTimeLine"
158-->src\main\AndroidManifest.xml:118:13-56
159            android:exported="true" />
159-->src\main\AndroidManifest.xml:119:13-36
160        <activity
160-->src\main\AndroidManifest.xml:120:9-122:39
161            android:name="com.edu.magika.students.StudentEditTimeLine"
161-->src\main\AndroidManifest.xml:121:13-57
162            android:exported="true" />
162-->src\main\AndroidManifest.xml:122:13-36
163        <activity
163-->src\main\AndroidManifest.xml:123:9-125:39
164            android:name="com.edu.magika.students.StudentDocuments"
164-->src\main\AndroidManifest.xml:124:13-54
165            android:exported="true" />
165-->src\main\AndroidManifest.xml:125:13-36
166        <activity
166-->src\main\AndroidManifest.xml:126:9-134:20
167            android:name="com.edu.magika.SplashActivity"
167-->src\main\AndroidManifest.xml:127:13-43
168            android:exported="true" >
168-->src\main\AndroidManifest.xml:128:13-36
169            <intent-filter>
169-->src\main\AndroidManifest.xml:129:13-133:29
170                <action android:name="android.intent.action.MAIN" />
170-->src\main\AndroidManifest.xml:130:17-69
170-->src\main\AndroidManifest.xml:130:25-66
171
172                <category android:name="android.intent.category.LAUNCHER" />
172-->src\main\AndroidManifest.xml:132:17-77
172-->src\main\AndroidManifest.xml:132:27-74
173            </intent-filter>
174        </activity>
175        <activity
175-->src\main\AndroidManifest.xml:135:9-137:39
176            android:name="com.edu.magika.Login"
176-->src\main\AndroidManifest.xml:136:13-34
177            android:exported="true" />
177-->src\main\AndroidManifest.xml:137:13-36
178        <activity
178-->src\main\AndroidManifest.xml:138:9-140:39
179            android:name="com.edu.magika.students.StudentProfile"
179-->src\main\AndroidManifest.xml:139:13-52
180            android:exported="true" />
180-->src\main\AndroidManifest.xml:140:13-36
181        <activity
181-->src\main\AndroidManifest.xml:141:9-143:39
182            android:name="com.edu.magika.students.StudentProfileNew"
182-->src\main\AndroidManifest.xml:142:13-55
183            android:exported="true" />
183-->src\main\AndroidManifest.xml:143:13-36
184        <activity
184-->src\main\AndroidManifest.xml:144:9-146:39
185            android:name="com.edu.magika.students.StudentProfileDetailsNew"
185-->src\main\AndroidManifest.xml:145:13-62
186            android:exported="true" />
186-->src\main\AndroidManifest.xml:146:13-36
187        <activity
187-->src\main\AndroidManifest.xml:147:9-149:39
188            android:name="com.edu.magika.students.StudentAddAssignment"
188-->src\main\AndroidManifest.xml:148:13-58
189            android:exported="true" />
189-->src\main\AndroidManifest.xml:149:13-36
190        <activity
190-->src\main\AndroidManifest.xml:150:9-152:39
191            android:name="com.edu.magika.students.StudentEditAssignment"
191-->src\main\AndroidManifest.xml:151:13-59
192            android:exported="true" />
192-->src\main\AndroidManifest.xml:152:13-36
193        <activity
193-->src\main\AndroidManifest.xml:153:9-155:39
194            android:name="com.edu.magika.students.StudentUploadHomework"
194-->src\main\AndroidManifest.xml:154:13-59
195            android:exported="true" />
195-->src\main\AndroidManifest.xml:155:13-36
196        <activity
196-->src\main\AndroidManifest.xml:156:9-158:39
197            android:name="com.edu.magika.ForgotPassword"
197-->src\main\AndroidManifest.xml:157:13-43
198            android:exported="true" />
198-->src\main\AndroidManifest.xml:158:13-36
199        <activity
199-->src\main\AndroidManifest.xml:159:9-161:39
200            android:name="com.edu.magika.BaseActivity"
200-->src\main\AndroidManifest.xml:160:13-41
201            android:exported="true" />
201-->src\main\AndroidManifest.xml:161:13-36
202        <activity
202-->src\main\AndroidManifest.xml:162:9-164:39
203            android:name="com.edu.magika.students.StudentFees"
203-->src\main\AndroidManifest.xml:163:13-49
204            android:exported="true" />
204-->src\main\AndroidManifest.xml:164:13-36
205        <activity
205-->src\main\AndroidManifest.xml:165:9-167:39
206            android:name="com.edu.magika.students.StudentNoticeBoard"
206-->src\main\AndroidManifest.xml:166:13-56
207            android:exported="true" />
207-->src\main\AndroidManifest.xml:167:13-36
208        <activity
208-->src\main\AndroidManifest.xml:168:9-170:39
209            android:name="com.edu.magika.students.StudentExaminationList"
209-->src\main\AndroidManifest.xml:169:13-60
210            android:exported="true" />
210-->src\main\AndroidManifest.xml:170:13-36
211        <activity
211-->src\main\AndroidManifest.xml:171:9-173:39
212            android:name="com.edu.magika.students.StudentReportCard_ExamListResult"
212-->src\main\AndroidManifest.xml:172:13-70
213            android:exported="true" />
213-->src\main\AndroidManifest.xml:173:13-36
214        <activity
214-->src\main\AndroidManifest.xml:174:9-176:39
215            android:name="com.edu.magika.students.StudentSubjectList"
215-->src\main\AndroidManifest.xml:175:13-56
216            android:exported="true" />
216-->src\main\AndroidManifest.xml:176:13-36
217        <activity
217-->src\main\AndroidManifest.xml:177:9-179:39
218            android:name="com.edu.magika.students.StudentTeachersList"
218-->src\main\AndroidManifest.xml:178:13-57
219            android:exported="true" />
219-->src\main\AndroidManifest.xml:179:13-36
220        <activity
220-->src\main\AndroidManifest.xml:180:9-182:39
221            android:name="com.edu.magika.students.StudentTransportRoutes"
221-->src\main\AndroidManifest.xml:181:13-60
222            android:exported="true" />
222-->src\main\AndroidManifest.xml:182:13-36
223        <activity
223-->src\main\AndroidManifest.xml:183:9-185:39
224            android:name="com.edu.magika.students.StudentDownloads"
224-->src\main\AndroidManifest.xml:184:13-54
225            android:exported="true" />
225-->src\main\AndroidManifest.xml:185:13-36
226        <activity
226-->src\main\AndroidManifest.xml:186:9-188:39
227            android:name="com.edu.magika.students.StudentAttendance"
227-->src\main\AndroidManifest.xml:187:13-55
228            android:exported="true" />
228-->src\main\AndroidManifest.xml:188:13-36
229        <activity
229-->src\main\AndroidManifest.xml:189:9-191:39
230            android:name="com.edu.magika.students.StudentReportCard_ExamList"
230-->src\main\AndroidManifest.xml:190:13-64
231            android:exported="true" />
231-->src\main\AndroidManifest.xml:191:13-36
232        <activity
232-->src\main\AndroidManifest.xml:192:9-194:39
233            android:name="com.edu.magika.students.StudentExamSchedule_ExamList"
233-->src\main\AndroidManifest.xml:193:13-66
234            android:exported="true" />
234-->src\main\AndroidManifest.xml:194:13-36
235        <activity
235-->src\main\AndroidManifest.xml:195:9-197:39
236            android:name="com.edu.magika.students.StudentExamSchedule"
236-->src\main\AndroidManifest.xml:196:13-57
237            android:exported="true" />
237-->src\main\AndroidManifest.xml:197:13-36
238        <activity
238-->src\main\AndroidManifest.xml:198:9-200:39
239            android:name="com.edu.magika.students.StudentVisitorBook"
239-->src\main\AndroidManifest.xml:199:13-56
240            android:exported="true" />
240-->src\main\AndroidManifest.xml:200:13-36
241        <activity
241-->src\main\AndroidManifest.xml:201:9-203:39
242            android:name="com.edu.magika.students.StudentHostel"
242-->src\main\AndroidManifest.xml:202:13-51
243            android:exported="true" />
243-->src\main\AndroidManifest.xml:203:13-36
244        <activity
244-->src\main\AndroidManifest.xml:204:9-206:39
245            android:name="com.edu.magika.students.StudentLibraryBook"
245-->src\main\AndroidManifest.xml:205:13-56
246            android:exported="true" />
246-->src\main\AndroidManifest.xml:206:13-36
247        <activity
247-->src\main\AndroidManifest.xml:207:9-209:39
248            android:name="com.edu.magika.students.StudentClassTimetable"
248-->src\main\AndroidManifest.xml:208:13-59
249            android:exported="true" />
249-->src\main\AndroidManifest.xml:209:13-36
250        <activity
250-->src\main\AndroidManifest.xml:210:9-212:39
251            android:name="com.edu.magika.students.StudentSyllabusTimetable"
251-->src\main\AndroidManifest.xml:211:13-62
252            android:exported="true" />
252-->src\main\AndroidManifest.xml:212:13-36
253        <activity
253-->src\main\AndroidManifest.xml:213:9-215:39
254            android:name="com.edu.magika.students.StudentSyllabusStatus"
254-->src\main\AndroidManifest.xml:214:13-59
255            android:exported="true" />
255-->src\main\AndroidManifest.xml:215:13-36
256        <activity
256-->src\main\AndroidManifest.xml:216:9-218:39
257            android:name="com.edu.magika.students.StudentHomeworkDetails"
257-->src\main\AndroidManifest.xml:217:13-60
258            android:exported="true" />
258-->src\main\AndroidManifest.xml:218:13-36
259        <activity
259-->src\main\AndroidManifest.xml:219:9-221:39
260            android:name="com.edu.magika.students.StudentLibraryBookIssued"
260-->src\main\AndroidManifest.xml:220:13-62
261            android:exported="true" />
261-->src\main\AndroidManifest.xml:221:13-36
262        <activity
262-->src\main\AndroidManifest.xml:222:9-224:39
263            android:name="com.edu.magika.students.StudentAppyLeave"
263-->src\main\AndroidManifest.xml:223:13-54
264            android:exported="true" />
264-->src\main\AndroidManifest.xml:224:13-36
265        <activity
265-->src\main\AndroidManifest.xml:225:9-227:39
266            android:name="com.edu.magika.students.StudentAddLeave"
266-->src\main\AndroidManifest.xml:226:13-53
267            android:exported="true" />
267-->src\main\AndroidManifest.xml:227:13-36
268        <activity
268-->src\main\AndroidManifest.xml:228:9-230:39
269            android:name="com.edu.magika.students.StudentEditLeave"
269-->src\main\AndroidManifest.xml:229:13-54
270            android:exported="true" />
270-->src\main\AndroidManifest.xml:230:13-36
271        <activity
271-->src\main\AndroidManifest.xml:231:9-233:39
272            android:name="com.edu.magika.students.StudentSyllabus"
272-->src\main\AndroidManifest.xml:232:13-53
273            android:exported="true" />
273-->src\main\AndroidManifest.xml:233:13-36
274        <activity
274-->src\main\AndroidManifest.xml:234:9-236:39
275            android:name="com.edu.magika.students.StudentOnlineQuizResult"
275-->src\main\AndroidManifest.xml:235:13-61
276            android:exported="true" />
276-->src\main\AndroidManifest.xml:236:13-36
277        <activity
277-->src\main\AndroidManifest.xml:237:9-239:39
278            android:name="com.edu.magika.students.StudentSyllabuslesson"
278-->src\main\AndroidManifest.xml:238:13-59
279            android:exported="true" />
279-->src\main\AndroidManifest.xml:239:13-36
280        <activity
280-->src\main\AndroidManifest.xml:240:9-242:39
281            android:name="com.edu.magika.students.StudentOnlineCourseQuiz"
281-->src\main\AndroidManifest.xml:241:13-61
282            android:exported="true" />
282-->src\main\AndroidManifest.xml:242:13-36
283        <activity
283-->src\main\AndroidManifest.xml:243:9-245:39
284            android:name="com.edu.magika.SettingActivity"
284-->src\main\AndroidManifest.xml:244:13-44
285            android:exported="true" />
285-->src\main\AndroidManifest.xml:245:13-36
286        <activity
286-->src\main\AndroidManifest.xml:246:9-249:40
287            android:name="com.edu.magika.TakeUrl"
287-->src\main\AndroidManifest.xml:247:13-36
288            android:configChanges="orientation|screenSize"
288-->src\main\AndroidManifest.xml:248:13-59
289            android:exported="false" />
289-->src\main\AndroidManifest.xml:249:13-37
290        <activity
290-->src\main\AndroidManifest.xml:250:9-252:39
291            android:name="com.edu.magika.OpenPdf"
291-->src\main\AndroidManifest.xml:251:13-36
292            android:exported="true" />
292-->src\main\AndroidManifest.xml:252:13-36
293        <activity
293-->src\main\AndroidManifest.xml:254:9-256:39
294            android:name="com.edu.magika.students.StudentTasks"
294-->src\main\AndroidManifest.xml:255:13-50
295            android:exported="true" />
295-->src\main\AndroidManifest.xml:256:13-36
296        <activity
296-->src\main\AndroidManifest.xml:257:9-259:39
297            android:name="com.edu.magika.students.StudentTasksEdit"
297-->src\main\AndroidManifest.xml:258:13-54
298            android:exported="true" />
298-->src\main\AndroidManifest.xml:259:13-36
299        <activity
299-->src\main\AndroidManifest.xml:260:9-262:39
300            android:name="com.edu.magika.students.Payment"
300-->src\main\AndroidManifest.xml:261:13-45
301            android:exported="true" />
301-->src\main\AndroidManifest.xml:262:13-36
302        <activity
302-->src\main\AndroidManifest.xml:263:9-265:39
303            android:name="com.edu.magika.students.CoursePayment"
303-->src\main\AndroidManifest.xml:264:13-51
304            android:exported="true" />
304-->src\main\AndroidManifest.xml:265:13-36
305        <activity
305-->src\main\AndroidManifest.xml:266:9-270:53
306            android:name="com.edu.magika.students.CourseVideoPlay"
306-->src\main\AndroidManifest.xml:267:13-53
307            android:configChanges="orientation|screenSize"
307-->src\main\AndroidManifest.xml:268:13-59
308            android:exported="false"
308-->src\main\AndroidManifest.xml:269:13-37
309            android:screenOrientation="landscape" />
309-->src\main\AndroidManifest.xml:270:13-50
310        <activity
310-->src\main\AndroidManifest.xml:271:9-273:40
311            android:name="com.edu.magika.students.LiveClasses"
311-->src\main\AndroidManifest.xml:272:13-49
312            android:exported="false" />
312-->src\main\AndroidManifest.xml:273:13-37
313
314        <service
314-->src\main\AndroidManifest.xml:275:9-281:19
315            android:name="com.edu.magika.utils.MyFirebaseMessagingService"
315-->src\main\AndroidManifest.xml:276:13-61
316            android:exported="true" >
316-->src\main\AndroidManifest.xml:277:13-36
317            <intent-filter>